0 info it worked if it ends with ok
1 verbose cli [ 'D:\\node.exe',
1 verbose cli   'C:\\Users\\Robert\\AppData\\Roaming\\npm\\node_modules\\npm\\bin\\npm-cli.js',
1 verbose cli   'start' ]
2 info using npm@4.0.1
3 info using node@v6.10.2
4 verbose run-script [ 'prestart', 'start', 'poststart' ]
5 info lifecycle twitter-streaming-node@0.0.1~prestart: twitter-streaming-node@0.0.1
6 silly lifecycle twitter-streaming-node@0.0.1~prestart: no script for prestart, continuing
7 info lifecycle twitter-streaming-node@0.0.1~start: twitter-streaming-node@0.0.1
8 verbose lifecycle twitter-streaming-node@0.0.1~start: unsafe-perm in lifecycle true
9 verbose lifecycle twitter-streaming-node@0.0.1~start: PATH: C:\Users\Robert\AppData\Roaming\npm\node_modules\npm\bin\node-gyp-bin;D:\Dropbox\Studie\Hogeschool van Amsterdam\Verdieping 2\MINOR\RTW\twitstream\node_modules\.bin;C:\Users\Robert\AppData\Roaming\npm;D:\;C:\Program Files (x86)\NVIDIA Corporation\PhysX\Common;D:\ImageMagick-7.0.3-Q16;C:\Program Files (x86)\Intel\iCLS Client\;C:\Program Files\Intel\iCLS Client\;C:\WINDOWS\system32;C:\WINDOWS;C:\WINDOWS\System32\Wbem;C:\WINDOWS\System32\WindowsPowerShell\v1.0\;C:\Program Files (x86)\Windows Live\Shared;C:\Program Files\Intel\Intel(R) Management Engine Components\DAL;C:\Program Files\Intel\Intel(R) Management Engine Components\IPT;C:\Program Files (x86)\Intel\Intel(R) Management Engine Components\DAL;C:\Program Files (x86)\Intel\Intel(R) Management Engine Components\IPT;C:\Program Files\Intel\WiFi\bin\;C:\Program Files\Common Files\Intel\WirelessCommon\;C:\Program Files\Git\cmd;C:\Program Files (x86)\MySQL\MySQL Fabric 1.5 & MySQL Utilities 1.5\;C:\Program Files (x86)\MySQL\MySQL Fabric 1.5 & MySQL Utilities 1.5\Doctrine extensions for PHP\;C:\Program Files\Microsoft SQL Server\120\Tools\Binn\;C:\Program Files (x86)\QuickTime\QTSystem\;C:\Program Files (x86)\Skype\Phone\;D:\;C:\Users\Robert\AppData\Local\.meteor\;C:\Users\Robert\AppData\Local\Microsoft\WindowsApps;C:\Users\Robert\AppData\Roaming\npm
10 verbose lifecycle twitter-streaming-node@0.0.1~start: CWD: D:\Dropbox\Studie\Hogeschool van Amsterdam\Verdieping 2\MINOR\RTW\twitstream
11 silly lifecycle twitter-streaming-node@0.0.1~start: Args: [ '/d /s /c', 'node app' ]
12 silly lifecycle twitter-streaming-node@0.0.1~start: Returned: code: 1  signal: null
13 info lifecycle twitter-streaming-node@0.0.1~start: Failed to exec start script
14 verbose stack Error: twitter-streaming-node@0.0.1 start: `node app`
14 verbose stack Exit status 1
14 verbose stack     at EventEmitter.<anonymous> (C:\Users\Robert\AppData\Roaming\npm\node_modules\npm\lib\utils\lifecycle.js:279:16)
14 verbose stack     at emitTwo (events.js:106:13)
14 verbose stack     at EventEmitter.emit (events.js:191:7)
14 verbose stack     at ChildProcess.<anonymous> (C:\Users\Robert\AppData\Roaming\npm\node_modules\npm\lib\utils\spawn.js:40:14)
14 verbose stack     at emitTwo (events.js:106:13)
14 verbose stack     at ChildProcess.emit (events.js:191:7)
14 verbose stack     at maybeClose (internal/child_process.js:886:16)
14 verbose stack     at Process.ChildProcess._handle.onexit (internal/child_process.js:226:5)
15 verbose pkgid twitter-streaming-node@0.0.1
16 verbose cwd D:\Dropbox\Studie\Hogeschool van Amsterdam\Verdieping 2\MINOR\RTW\twitstream
17 error Windows_NT 10.0.14393
18 error argv "D:\\node.exe" "C:\\Users\\Robert\\AppData\\Roaming\\npm\\node_modules\\npm\\bin\\npm-cli.js" "start"
19 error node v6.10.2
20 error npm  v4.0.1
21 error code ELIFECYCLE
22 error twitter-streaming-node@0.0.1 start: `node app`
22 error Exit status 1
23 error Failed at the twitter-streaming-node@0.0.1 start script 'node app'.
23 error Make sure you have the latest version of node.js and npm installed.
23 error If you do, this is most likely a problem with the twitter-streaming-node package,
23 error not with npm itself.
23 error Tell the author that this fails on your system:
23 error     node app
23 error You can get information on how to open an issue for this project with:
23 error     npm bugs twitter-streaming-node
23 error Or if that isn't available, you can get their info via:
23 error     npm owner ls twitter-streaming-node
23 error There is likely additional logging output above.
24 verbose exit [ 1, true ]
